2021-02-13 14:56:00.611 - INFO - 5428 - azureml.train.automl.automlconfig._start_execution:208 - Submitting remote.
2021-02-13 15:23:42.787 - INFO - 5428 - azureml.train.automl.run._log_activity:54 - ActivityStarted: GetOutput
2021-02-13 15:23:42.800 - INFO - 5428 - azureml.train.automl.run._log_activity:54 - ActivityStarted: GetOutput
2021-02-13 15:23:42.804 - INFO - 5428 - azureml.train.automl.run._log_activity:54 - ActivityStarted: GetChildren
2021-02-13 15:23:42.934 - INFO - 5428 - azureml.train.automl.run._log_activity:92 - ActivityCompleted: Activity=GetChildren, HowEnded=Success, Duration=129.7[ms]
2021-02-13 15:23:42.934 - INFO - 5428 - azureml.train.automl.run._log_activity:92 - ActivityCompleted: Activity=GetOutput, HowEnded=Success, Duration=133.94[ms]
2021-02-13 15:23:42.935 - INFO - 5428 - azureml.train.automl._model_download_utilities._log_activity:54 - ActivityStarted: DownloadModel
2021-02-13 15:24:02.700 - INFO - 5428 - azureml.automl.runtime.distributed.utilities.horovod_initialized:58 - Horovod not found in current environment. Distribution via Horovod will be disabled.
2021-02-13 15:24:07.085 - INFO - 5428 - azureml.automl.runtime.featurization.data_transformer.__init__:184 - Feature sweeping enabled: False
2021-02-13 15:24:07.085 - INFO - 5428 - azureml.automl.runtime.featurization.data_transformer.__init__:185 - Feature sweeping timeout: 86400
2021-02-13 15:24:44.146 - INFO - 5428 - azureml.train.automl._model_download_utilities._log_activity:92 - ActivityCompleted: Activity=DownloadModel, HowEnded=Success, Duration=61211.14[ms]
2021-02-13 15:24:44.147 - INFO - 5428 - azureml.train.automl.run._log_activity:92 - ActivityCompleted: Activity=GetOutput, HowEnded=Success, Duration=61359.32[ms]
2021-02-13 15:27:57.739 - INFO - 5428 - azureml.train.automl.run._log_activity:54 - ActivityStarted: RegisterModel
2021-02-13 15:27:57.744 - INFO - 5428 - azureml.train.automl.run._log_activity:54 - ActivityStarted: GetChildren
2021-02-13 15:27:57.862 - INFO - 5428 - azureml.train.automl.run._log_activity:92 - ActivityCompleted: Activity=GetChildren, HowEnded=Success, Duration=118.27[ms]
2021-02-13 15:27:58.887 - INFO - 5428 - azureml.train.automl.run._log_activity:92 - ActivityCompleted: Activity=RegisterModel, HowEnded=Success, Duration=1147.83[ms]
2021-02-13 16:01:36.416 - INFO - 5428 - azureml.train.automl.run._log_activity:54 - ActivityStarted: RegisterModel
2021-02-13 16:01:36.421 - INFO - 5428 - azureml.train.automl.run._log_activity:54 - ActivityStarted: GetChildren
2021-02-13 16:01:36.615 - INFO - 5428 - azureml.train.automl.run._log_activity:92 - ActivityCompleted: Activity=GetChildren, HowEnded=Success, Duration=194.29[ms]
2021-02-13 16:01:37.558 - INFO - 5428 - azureml.train.automl.run._log_activity:92 - ActivityCompleted: Activity=RegisterModel, HowEnded=Success, Duration=1141.38[ms]
